<?xml version="1.0" encoding="UTF-8"?>
<testng-results ignored="0" total="1" passed="1" failed="0" skipped="0">
  <reporter-output>
  </reporter-output>
  <suite started-at="2024-06-12T18:42:17 IST" name="Default suite" finished-at="2024-06-12T18:42:22 IST" duration-ms="4915">
    <groups>
    </groups>
    <test started-at="2024-06-12T18:42:17 IST" name="Default test" finished-at="2024-06-12T18:42:22 IST" duration-ms="4915">
      <class name="com.demowebshop.tests.HeaderTest">
        <test-method is-config="true" signature="initializeDriver()[pri:0, instance:com.demowebshop.tests.HeaderTest@6c64cb25]" started-at="2024-06-12T18:42:17 IST" name="initializeDriver" finished-at="2024-06-12T18:42:22 IST" duration-ms="4581" status="PASS">
          <reporter-output>
          </reporter-output>
        </test-method> <!-- initializeDriver -->
        <test-method signature="verifyUserIsAbleToAddProductToCart()[pri:0, instance:com.demowebshop.tests.HeaderTest@6c64cb25]" started-at="2024-06-12T18:42:22 IST" name="verifyUserIsAbleToAddProductToCart" finished-at="2024-06-12T18:42:22 IST" duration-ms="98" status="PASS">
          <reporter-output>
          </reporter-output>
        </test-method> <!-- verifyUserIsAbleToAddProductToCart -->
        <test-method is-config="true" signature="tearDown()[pri:0, instance:com.demowebshop.tests.HeaderTest@6c64cb25]" started-at="2024-06-12T18:42:22 IST" name="tearDown" finished-at="2024-06-12T18:42:22 IST" duration-ms="191" status="PASS">
          <reporter-output>
          </reporter-output>
        </test-method> <!-- tearDown -->
      </class> <!-- com.demowebshop.tests.HeaderTest -->
    </test> <!-- Default test -->
  </suite> <!-- Default suite -->
</testng-results>
