<?xml version="1.0" encoding="UTF-8"?>
<testng-results ignored="0" total="1" passed="1" failed="0" skipped="0">
  <reporter-output>
  </reporter-output>
  <suite started-at="2024-06-15T12:56:39 IST" name="Default suite" finished-at="2024-06-15T12:56:53 IST" duration-ms="14080">
    <groups>
    </groups>
    <test started-at="2024-06-15T12:56:39 IST" name="Default test" finished-at="2024-06-15T12:56:53 IST" duration-ms="14080">
      <class name="com.demowebshop.tests.DataDrivenRegisteration">
        <test-method is-config="true" signature="presetUp()[pri:0, instance:com.demowebshop.tests.DataDrivenRegisteration@4135c3b]" started-at="2024-06-15T12:56:39 IST" name="presetUp" finished-at="2024-06-15T12:56:39 IST" duration-ms="15" status="PASS">
          <reporter-output>
          </reporter-output>
        </test-method> <!-- presetUp -->
        <test-method is-config="true" signature="initializeDriver()[pri:0, instance:com.demowebshop.tests.DataDrivenRegisteration@4135c3b]" started-at="2024-06-15T12:56:39 IST" name="initializeDriver" finished-at="2024-06-15T12:56:43 IST" duration-ms="4282" status="PASS">
          <reporter-output>
          </reporter-output>
        </test-method> <!-- initializeDriver -->
        <test-method signature="verifyUserisAbleToRegisterMultiplePersons()[pri:0, instance:com.demowebshop.tests.DataDrivenRegisteration@4135c3b]" started-at="2024-06-15T12:56:43 IST" name="verifyUserisAbleToRegisterMultiplePersons" finished-at="2024-06-15T12:56:53 IST" duration-ms="9550" status="PASS">
          <reporter-output>
          </reporter-output>
        </test-method> <!-- verifyUserisAbleToRegisterMultiplePersons -->
        <test-method is-config="true" signature="tearDown()[pri:0, instance:com.demowebshop.tests.DataDrivenRegisteration@4135c3b]" started-at="2024-06-15T12:56:53 IST" name="tearDown" finished-at="2024-06-15T12:56:53 IST" duration-ms="211" status="PASS">
          <reporter-output>
          </reporter-output>
        </test-method> <!-- tearDown -->
      </class> <!-- com.demowebshop.tests.DataDrivenRegisteration -->
    </test> <!-- Default test -->
  </suite> <!-- Default suite -->
</testng-results>
